<?xml version="1.0" encoding="UTF-8"?>
<!-- Generated by org.testng.reporters.JUnitReportReporter -->
<testsuite hostname="DESKTOP-LJA32SP" failures="0" tests="1" name="com.example.test.AppTest" time="0.019" errors="0" timestamp="2023-06-22T18:42:36 CEST" skipped="0">
  <testcase classname="com.example.test.AppTest" name="testAdd" time="0.019"/>
</testsuite> <!-- com.example.test.AppTest -->
